Build started 12/21/2012 12:29:01 AM.
     1>Project "D:\Projects\node-core-audio\NodeCoreAudio\NodeCoreAudio.vcxproj" on node 2 (build target(s)).
     1>InitializeBuildStatus:
         Touching "Debug\NodeCoreAudio.unsuccessfulbuild".
       ClCompile:
         All outputs are up-to-date.
         C:\Program Files\Microsoft Visual Studio 10.0\VC\bin\CL.exe /c /ZI /nologo /W3 /WX- /Od /Oy- /D WIN32 /D _DEBUG /D _WINDOWS /D _USRDLL /D NODECOREAUDIO_EXPORTS /D _WINDLL /D _UNICODE /D UNICODE /Gm /EHsc /RTC1 /MDd /GS /fp:precise /Zc:wchar_t /Zc:forScope /Fo"Debug\\" /Fd"Debug\vc100.pdb" /Gd /TP /wd4251 /analyze- /errorReport:prompt AudioEngine.cpp NodeCoreAudio.cpp
         NodeCoreAudio.cpp
     1>d:\projects\node-core-audio\nodecoreaudio\audioengine.h(47): error C2061: syntax error : identifier 'eio_req'
     1>d:\projects\node-core-audio\nodecoreaudio\audioengine.h(73): error C2146: syntax error : missing ';' before identifier 'ptStreamThread'
     1>d:\projects\node-core-audio\nodecoreaudio\audioengine.h(73): error C4430: missing type specifier - int assumed. Note: C++ does not support default-int
     1>d:\projects\node-core-audio\nodecoreaudio\audioengine.h(73): error C4430: missing type specifier - int assumed. Note: C++ does not support default-int
     1>d:\projects\node-core-audio\nodecoreaudio\audioengine.h(80): error C2146: syntax error : missing ';' before identifier 'callerThreadSamplesAccess'
     1>d:\projects\node-core-audio\nodecoreaudio\audioengine.h(80): error C4430: missing type specifier - int assumed. Note: C++ does not support default-int
     1>d:\projects\node-core-audio\nodecoreaudio\audioengine.h(80): error C4430: missing type specifier - int assumed. Note: C++ does not support default-int
         AudioEngine.cpp
     1>d:\projects\node-core-audio\nodecoreaudio\audioengine.h(47): error C2061: syntax error : identifier 'eio_req'
     1>d:\projects\node-core-audio\nodecoreaudio\audioengine.h(73): error C2146: syntax error : missing ';' before identifier 'ptStreamThread'
     1>d:\projects\node-core-audio\nodecoreaudio\audioengine.h(73): error C4430: missing type specifier - int assumed. Note: C++ does not support default-int
     1>d:\projects\node-core-audio\nodecoreaudio\audioengine.h(73): error C4430: missing type specifier - int assumed. Note: C++ does not support default-int
     1>d:\projects\node-core-audio\nodecoreaudio\audioengine.h(80): error C2146: syntax error : missing ';' before identifier 'callerThreadSamplesAccess'
     1>d:\projects\node-core-audio\nodecoreaudio\audioengine.h(80): error C4430: missing type specifier - int assumed. Note: C++ does not support default-int
     1>d:\projects\node-core-audio\nodecoreaudio\audioengine.h(80): error C4430: missing type specifier - int assumed. Note: C++ does not support default-int
     1>d:\projects\node-core-audio\nodecoreaudio\audioengine.cpp(12): fatal error C1083: Cannot open include file: 'pthread.h': No such file or directory
         Generating Code...
     1>Done Building Project "D:\Projects\node-core-audio\NodeCoreAudio\NodeCoreAudio.vcxproj" (build target(s)) -- FAILED.

Build FAILED.

Time Elapsed 00:00:02.21
